  [1m[35m (0.4ms)[0m  [1m[34mSELECT sqlite_version(*)[0m
  [1m[35m (5.9ms)[0m  [1m[35mCREATE TABLE "schema_migrations" ("version" varchar NOT NULL PRIMARY KEY)[0m
  [1m[35m (7.6ms)[0m  [1m[35mCREATE TABLE "ar_internal_metadata" ("key" varchar NOT NULL PRIMARY KEY, "value" varchar, "created_at" datetime(6) NOT NULL, "updated_at" datetime(6) NOT NULL)[0m
  [1m[35m (0.1ms)[0m  [1m[34mSELECT "schema_migrations"."version" FROM "schema_migrations" ORDER BY "schema_migrations"."version" ASC[0m
Migrating to CreateMessages (20200930160553)
  [1m[35m (0.1ms)[0m  [1m[36mbegin transaction[0m
  [1m[35m (0.2ms)[0m  [1m[35mCREATE TABLE "messages" ("id" integer PRIMARY KEY AUTOINCREMENT NOT NULL, "created_at" datetime(6) NOT NULL, "updated_at" datetime(6) NOT NULL, "content" text)[0m
  [1m[36mprimary::SchemaMigration Create (0.1ms)[0m  [1m[32mINSERT INTO "schema_migrations" ("version") VALUES (?)[0m  [["version", "20200930160553"]]
  [1m[35m (7.7ms)[0m  [1m[36mcommit transaction[0m
  [1m[36mActiveRecord::InternalMetadata Load (0.1ms)[0m  [1m[34mSELECT "ar_internal_metadata".* FROM "ar_internal_metadata" WHERE "ar_internal_metadata"."key" = ? LIMIT ?[0m  [["key", "environment"], ["LIMIT", 1]]
  [1m[35m (0.1ms)[0m  [1m[36mbegin transaction[0m
  [1m[36mActiveRecord::InternalMetadata Create (0.2ms)[0m  [1m[32mINSERT INTO "ar_internal_metadata" ("key", "value", "created_at", "updated_at") VALUES (?, ?, ?, ?)[0m  [["key", "environment"], ["value", "development"], ["created_at", "2020-09-30 16:06:30.090004"], ["updated_at", "2020-09-30 16:06:30.090004"]]
  [1m[35m (3.8ms)[0m  [1m[36mcommit transaction[0m
  [1m[35m (0.0ms)[0m  [1m[34mSELECT sqlite_version(*)[0m
  [1m[35m (0.1ms)[0m  [1m[34mSELECT "schema_migrations"."version" FROM "schema_migrations" ORDER BY "schema_migrations"."version" ASC[0m
  [1m[35m (0.5ms)[0m  [1m[34mSELECT sqlite_version(*)[0m
  [1m[35m (0.1ms)[0m  [1m[34mSELECT "schema_migrations"."version" FROM "schema_migrations" ORDER BY "schema_migrations"."version" ASC[0m
Started GET "/" for ::1 at 2020-09-30 18:12:47 +0200
  [1m[35m (0.6ms)[0m  [1m[34mSELECT sqlite_version(*)[0m
  [1m[35m (0.1ms)[0m  [1m[34mSELECT "schema_migrations"."version" FROM "schema_migrations" ORDER BY "schema_migrations"."version" ASC[0m
Processing by Rails::WelcomeController#index as HTML
  Rendering /home/mristic/.rvm/gems/ruby-2.5.0/gems/railties-6.0.3.3/lib/rails/templates/rails/welcome/index.html.erb
  Rendered /home/mristic/.rvm/gems/ruby-2.5.0/gems/railties-6.0.3.3/lib/rails/templates/rails/welcome/index.html.erb (Duration: 5.5ms | Allocations: 467)
Completed 200 OK in 11ms (Views: 7.2ms | ActiveRecord: 0.0ms | Allocations: 2739)


Started GET "/messages" for ::1 at 2020-09-30 18:12:53 +0200
Processing by MessagesController#index as HTML
  Rendering messages/index.html.erb within layouts/application
  [1m[36mMessage Load (0.1ms)[0m  [1m[34mSELECT "messages".* FROM "messages"[0m
  ↳ app/views/messages/index.html.erb:10
  Rendered messages/index.html.erb within layouts/application (Duration: 1.7ms | Allocations: 1237)
[Webpacker] Compiling...
[Webpacker] Compiled all packs in /home/mristic/Documents/Programs/MessengerApp/public/packs
[Webpacker] Hash: 15d1bb7b54cf6326b9ba
Version: webpack 4.44.2
Time: 1075ms
Built at: 09/30/2020 6:12:54 PM
                                     Asset       Size       Chunks                         Chunk Names
    js/application-9afcbb5693aa87623e69.js    124 KiB  application  [emitted] [immutable]  application
js/application-9afcbb5693aa87623e69.js.map    139 KiB  application  [emitted] [dev]        application
                             manifest.json  364 bytes               [emitted]              
Entrypoint application = js/application-9afcbb5693aa87623e69.js js/application-9afcbb5693aa87623e69.js.map
[./app/javascript/channels sync recursive _channel\.js$] ./app/javascript/channels sync _channel\.js$ 160 bytes {application} [built]
[./app/javascript/channels/index.js] 211 bytes {application} [built]
[./app/javascript/packs/application.js] 749 bytes {application} [built]
[./node_modules/webpack/buildin/module.js] (webpack)/buildin/module.js 552 bytes {application} [built]
    + 3 hidden modules

Completed 200 OK in 1870ms (Views: 1867.7ms | ActiveRecord: 0.3ms | Allocations: 20770)


Started GET "/messages/new" for ::1 at 2020-09-30 18:12:58 +0200
Processing by MessagesController#new as HTML
  Rendering messages/new.html.erb within layouts/application
  Rendered messages/new.html.erb within layouts/application (Duration: 0.2ms | Allocations: 90)
[Webpacker] Everything's up-to-date. Nothing to do
Completed 200 OK in 5ms (Views: 4.0ms | ActiveRecord: 0.0ms | Allocations: 4006)


Started GET "/messages" for ::1 at 2020-09-30 18:13:32 +0200
Processing by MessagesController#index as HTML
  Rendering messages/index.html.erb within layouts/application
  [1m[36mMessage Load (0.2ms)[0m  [1m[34mSELECT "messages".* FROM "messages"[0m
  ↳ app/views/messages/index.html.erb:10
  Rendered messages/index.html.erb within layouts/application (Duration: 2.5ms | Allocations: 634)
[Webpacker] Everything's up-to-date. Nothing to do
Completed 200 OK in 37ms (Views: 35.3ms | ActiveRecord: 0.2ms | Allocations: 11784)


Started GET "/messages/new" for ::1 at 2020-09-30 18:13:35 +0200
Processing by MessagesController#new as HTML
  Rendering messages/new.html.erb within layouts/application
  Rendered messages/new.html.erb within layouts/application (Duration: 0.0ms | Allocations: 4)
[Webpacker] Everything's up-to-date. Nothing to do
Completed 200 OK in 5ms (Views: 3.9ms | ActiveRecord: 0.0ms | Allocations: 3788)


Started GET "/messages" for ::1 at 2020-09-30 18:14:42 +0200
Processing by MessagesController#index as HTML
  Rendering messages/index.html.erb within layouts/application
  [1m[36mMessage Load (0.2ms)[0m  [1m[34mSELECT "messages".* FROM "messages"[0m
  ↳ app/views/messages/index.html.erb:10
  Rendered messages/index.html.erb within layouts/application (Duration: 3.4ms | Allocations: 827)
[Webpacker] Everything's up-to-date. Nothing to do
Completed 200 OK in 20ms (Views: 17.7ms | ActiveRecord: 0.2ms | Allocations: 5560)


Started GET "/messages/new" for ::1 at 2020-09-30 18:14:44 +0200
Processing by MessagesController#new as HTML
  Rendering messages/new.html.erb within layouts/application
  Rendered messages/new.html.erb within layouts/application (Duration: 5.6ms | Allocations: 5435)
Completed 500 Internal Server Error in 7ms (ActiveRecord: 0.0ms | Allocations: 6142)


  
ActionView::Template::Error (First argument in form cannot contain nil or be empty):
     9:   <div class="container">
    10:     
    11:     <!-- Your code here -->
    12:     <%= form_for(@message) do |f| %>  
    13:       <div class="field"> 
    14:         <%= f.label :message %><br> 
    15:         <%= f.text_area :content %> 
  
app/views/messages/new.html.erb:12
Started GET "/messages" for ::1 at 2020-09-30 18:14:49 +0200
Processing by MessagesController#index as HTML
  Rendering messages/index.html.erb within layouts/application
  [1m[36mMessage Load (0.1ms)[0m  [1m[34mSELECT "messages".* FROM "messages"[0m
  ↳ app/views/messages/index.html.erb:10
  Rendered messages/index.html.erb within layouts/application (Duration: 1.1ms | Allocations: 637)
[Webpacker] Everything's up-to-date. Nothing to do
Completed 200 OK in 6ms (Views: 4.9ms | ActiveRecord: 0.1ms | Allocations: 4480)


Started GET "/messages" for ::1 at 2020-09-30 18:16:39 +0200
  [1m[35m (0.0ms)[0m  [1m[34mSELECT sqlite_version(*)[0m
Processing by MessagesController#index as HTML
  Rendering messages/index.html.erb within layouts/application
  [1m[36mMessage Load (0.1ms)[0m  [1m[34mSELECT "messages".* FROM "messages"[0m
  ↳ app/views/messages/index.html.erb:10
  Rendered messages/index.html.erb within layouts/application (Duration: 1.6ms | Allocations: 1262)
[Webpacker] Everything's up-to-date. Nothing to do
Completed 200 OK in 9ms (Views: 7.4ms | ActiveRecord: 0.3ms | Allocations: 6394)


Started GET "/messages/new" for ::1 at 2020-09-30 18:16:40 +0200
Processing by MessagesController#new as HTML
  Rendering messages/new.html.erb within layouts/application
  Rendered messages/new.html.erb within layouts/application (Duration: 9.2ms | Allocations: 4537)
[Webpacker] Everything's up-to-date. Nothing to do
Completed 200 OK in 17ms (Views: 12.7ms | ActiveRecord: 0.3ms | Allocations: 11379)


Started POST "/messages" for ::1 at 2020-09-30 18:16:46 +0200
Processing by MessagesController#create as HTML
  Parameters: {"authenticity_token"=>"U2ySGM+ECbQVlWR+7XEUVtCYL8fv2dpVvt38ucxble+nNEZkDhmisElJFDP1eEzlXuNmgDawIn3LobxL3fKLGg==", "message"=>{"content"=>"marko"}, "commit"=>"Create"}
  [1m[35m (0.1ms)[0m  [1m[36mbegin transaction[0m
  ↳ app/controllers/messages_controller.rb:12:in `create'
  [1m[36mMessage Create (1.6ms)[0m  [1m[32mINSERT INTO "messages" ("created_at", "updated_at", "content") VALUES (?, ?, ?)[0m  [["created_at", "2020-09-30 16:16:46.012839"], ["updated_at", "2020-09-30 16:16:46.012839"], ["content", "marko"]]
  ↳ app/controllers/messages_controller.rb:12:in `create'
  [1m[35m (4.8ms)[0m  [1m[36mcommit transaction[0m
  ↳ app/controllers/messages_controller.rb:12:in `create'
Redirected to http://localhost:3000/messages
Completed 302 Found in 19ms (ActiveRecord: 6.5ms | Allocations: 4200)


Started GET "/messages" for ::1 at 2020-09-30 18:16:46 +0200
Processing by MessagesController#index as HTML
  Rendering messages/index.html.erb within layouts/application
  [1m[36mMessage Load (0.1ms)[0m  [1m[34mSELECT "messages".* FROM "messages"[0m
  ↳ app/views/messages/index.html.erb:10
  Rendered messages/index.html.erb within layouts/application (Duration: 2.7ms | Allocations: 674)
[Webpacker] Everything's up-to-date. Nothing to do
Completed 200 OK in 10ms (Views: 8.7ms | ActiveRecord: 0.1ms | Allocations: 4475)


Started GET "/messages/new" for ::1 at 2020-09-30 18:17:37 +0200
Processing by MessagesController#new as HTML
  Rendering messages/new.html.erb within layouts/application
  Rendered messages/new.html.erb within layouts/application (Duration: 1.0ms | Allocations: 407)
[Webpacker] Everything's up-to-date. Nothing to do
Completed 200 OK in 8ms (Views: 7.4ms | ActiveRecord: 0.0ms | Allocations: 4215)


